2024-04-29 23:24:30,620 [*] Bitcoin Miner Started
2024-04-29 23:24:32,918 [*] Network has new height 841379 
2024-04-29 23:24:32,918 [*] Our local is 0
2024-04-29 23:24:32,918 [*] Our new local after update is 841379
2024-04-29 23:30:29,878 [*] Bitcoin Miner Started
2024-04-30 12:02:35,850 [*] Network has new height 841452 
2024-04-30 12:02:35,850 [*] Our local is 0
2024-04-30 12:02:35,850 [*] Our new local after update is 841452
2024-04-30 12:02:37,143 [*] Bitcoin Miner Started
2024-04-30 12:06:29,239 hash: 0000000605007b098e5b51888bd334404098273a3a547b9e2a60b088661b09f1
2024-04-30 12:10:08,994 [*] Network has new height 841453 
2024-04-30 12:10:08,994 [*] Our local is 841452
2024-04-30 12:10:08,994 [*] Our new local after update is 841453
2024-04-30 12:10:08,994 [*] Restarting Miner
2024-04-30 12:10:10,995 [*] Bitcoin Miner Restarted
2024-04-30 12:19:50,579 hash: 00000003456ab315a3e65a36b43feac50b71e175f3022d4b25a0047e3d149eb6
2024-04-30 12:22:23,452 [*] Network has new height 841454 
2024-04-30 12:22:23,452 [*] Our local is 841453
2024-04-30 12:22:23,452 [*] Our new local after update is 841454
2024-04-30 12:22:23,452 [*] Restarting Miner
2024-04-30 12:22:25,452 [*] Bitcoin Miner Restarted
2024-04-30 12:33:16,211 [*] Network has new height 841455 
2024-04-30 12:33:16,211 [*] Our local is 841454
2024-04-30 12:33:16,212 [*] Our new local after update is 841455
2024-04-30 12:33:16,212 [*] Restarting Miner
2024-04-30 12:33:18,212 [*] Bitcoin Miner Restarted
2024-04-30 12:38:21,204 hash: 000000052381b1d07b46470a1f7d463cb5300fb56cec6822631550834880a6d0
2024-04-30 12:47:31,675 [*] Network has new height 841456 
2024-04-30 12:47:31,675 [*] Our local is 841455
2024-04-30 12:47:31,675 [*] Our new local after update is 841456
2024-04-30 12:47:31,675 [*] Restarting Miner
2024-04-30 12:47:33,675 [*] Bitcoin Miner Restarted
2024-04-30 12:50:54,997 [*] Network has new height 841457 
2024-04-30 12:50:54,997 [*] Our local is 841456
2024-04-30 12:50:54,997 [*] Our new local after update is 841457
2024-04-30 12:50:54,997 [*] Restarting Miner
2024-04-30 12:50:56,998 [*] Bitcoin Miner Restarted
2024-04-30 13:01:49,670 [*] Network has new height 841458 
2024-04-30 13:01:49,670 [*] Our local is 841457
2024-04-30 13:01:49,670 [*] Our new local after update is 841458
2024-04-30 13:01:49,670 [*] Restarting Miner
2024-04-30 13:01:51,671 [*] Bitcoin Miner Restarted
2024-04-30 13:14:04,170 [*] Network has new height 841459 
2024-04-30 13:14:04,171 [*] Our local is 841458
2024-04-30 13:14:04,172 [*] Our new local after update is 841459
2024-04-30 13:14:04,172 [*] Restarting Miner
2024-04-30 13:14:06,172 [*] Bitcoin Miner Restarted
2024-04-30 13:18:53,674 [*] Network has new height 841460 
2024-04-30 13:18:53,674 [*] Our local is 841459
2024-04-30 13:18:53,674 [*] Our new local after update is 841460
2024-04-30 13:18:53,674 [*] Restarting Miner
2024-04-30 13:18:55,674 [*] Bitcoin Miner Restarted
2024-04-30 13:21:07,239 hash: 00000004907798402602b4bc76a86ec74ff89eece5a40f8ec4478b9d840bdc64
2024-04-30 13:24:18,840 [*] Network has new height 841461 
2024-04-30 13:24:18,840 [*] Our local is 841460
2024-04-30 13:24:18,840 [*] Our new local after update is 841461
2024-04-30 13:24:18,840 [*] Restarting Miner
2024-04-30 13:24:20,841 [*] Bitcoin Miner Restarted
2024-04-30 13:35:11,429 [*] Network has new height 841462 
2024-04-30 13:35:11,429 [*] Our local is 841461
2024-04-30 13:35:11,429 [*] Our new local after update is 841462
2024-04-30 13:35:11,429 [*] Restarting Miner
2024-04-30 13:35:13,429 [*] Bitcoin Miner Restarted
2024-04-30 13:49:27,666 [*] Network has new height 841463 
2024-04-30 13:49:27,667 [*] Our local is 841462
2024-04-30 13:49:27,667 [*] Our new local after update is 841463
2024-04-30 13:49:27,667 [*] Restarting Miner
2024-04-30 13:49:29,667 [*] Bitcoin Miner Restarted
2024-04-30 13:52:52,540 [*] Network has new height 841464 
2024-04-30 13:52:52,541 [*] Our local is 841463
2024-04-30 13:52:52,541 [*] Our new local after update is 841464
2024-04-30 13:52:52,541 [*] Restarting Miner
2024-04-30 13:52:54,541 [*] Bitcoin Miner Restarted
2024-04-30 13:54:55,300 [*] Network has new height 841465 
2024-04-30 13:54:55,300 [*] Our local is 841464
2024-04-30 13:54:55,301 [*] Our new local after update is 841465
2024-04-30 13:54:55,301 [*] Restarting Miner
2024-04-30 13:54:57,301 [*] Bitcoin Miner Restarted
2024-04-30 13:57:37,885 [*] Network has new height 841466 
2024-04-30 13:57:37,885 [*] Our local is 841465
2024-04-30 13:57:37,886 [*] Our new local after update is 841466
2024-04-30 13:57:37,886 [*] Restarting Miner
2024-04-30 13:57:39,887 [*] Bitcoin Miner Restarted
2024-04-30 14:05:49,896 [*] Network has new height 841467 
2024-04-30 14:05:49,896 [*] Our local is 841466
2024-04-30 14:05:49,896 [*] Our new local after update is 841467
2024-04-30 14:05:49,896 [*] Restarting Miner
2024-04-30 14:05:51,896 [*] Bitcoin Miner Restarted
2024-04-30 14:12:38,817 [*] Network has new height 841468 
2024-04-30 14:12:38,817 [*] Our local is 841467
2024-04-30 14:12:38,817 [*] Our new local after update is 841468
2024-04-30 14:12:38,817 [*] Restarting Miner
2024-04-30 14:12:40,818 [*] Bitcoin Miner Restarted
2024-04-30 14:14:00,084 [*] Network has new height 841469 
2024-04-30 14:14:00,084 [*] Our local is 841468
2024-04-30 14:14:00,084 [*] Our new local after update is 841469
2024-04-30 14:14:00,084 [*] Restarting Miner
2024-04-30 14:14:02,085 [*] Bitcoin Miner Restarted
2024-04-30 14:20:06,931 [*] Network has new height 841470 
2024-04-30 14:20:06,932 [*] Our local is 841469
2024-04-30 14:20:06,932 [*] Our new local after update is 841470
2024-04-30 14:20:06,932 [*] Restarting Miner
2024-04-30 14:20:08,932 [*] Bitcoin Miner Restarted
2024-04-30 14:49:17,437 [*] Network has new height 841471 
2024-04-30 14:49:17,437 [*] Our local is 841470
2024-04-30 14:49:17,437 [*] Our new local after update is 841471
2024-04-30 14:49:17,437 [*] Restarting Miner
2024-04-30 14:49:19,438 [*] Bitcoin Miner Restarted
2024-04-30 14:52:00,862 [*] Network has new height 841472 
2024-04-30 14:52:00,862 [*] Our local is 841471
2024-04-30 14:52:00,862 [*] Our new local after update is 841472
2024-04-30 14:52:00,862 [*] Restarting Miner
2024-04-30 14:52:02,863 [*] Bitcoin Miner Restarted
2024-04-30 14:54:44,558 [*] Network has new height 841473 
2024-04-30 14:54:44,558 [*] Our local is 841472
2024-04-30 14:54:44,560 [*] Our new local after update is 841473
2024-04-30 14:54:44,560 [*] Restarting Miner
2024-04-30 14:54:46,560 [*] Bitcoin Miner Restarted
2024-04-30 14:59:31,240 [*] Network has new height 841474 
2024-04-30 14:59:31,241 [*] Our local is 841473
2024-04-30 14:59:31,241 [*] Our new local after update is 841474
2024-04-30 14:59:31,241 [*] Restarting Miner
2024-04-30 14:59:33,242 [*] Bitcoin Miner Restarted
2024-04-30 14:59:34,552 [*] Restarting Miner
2024-04-30 14:59:36,552 [*] Bitcoin Miner Restarted
2024-04-30 15:31:32,515 [*] Network has new height 841475 
2024-04-30 15:31:32,515 [*] Our local is 841474
2024-04-30 15:31:32,521 [*] Our new local after update is 841475
2024-04-30 15:31:32,521 [*] Restarting Miner
2024-04-30 15:31:34,521 [*] Bitcoin Miner Restarted
2024-04-30 15:41:44,053 [*] Network has new height 841476 
2024-04-30 15:41:44,054 [*] Our local is 841475
2024-04-30 15:41:44,054 [*] Our new local after update is 841476
2024-04-30 15:41:44,054 [*] Restarting Miner
2024-04-30 15:41:46,054 [*] Bitcoin Miner Restarted
2024-04-30 15:54:43,146 [*] Network has new height 841477 
2024-04-30 15:54:43,146 [*] Our local is 841476
2024-04-30 15:54:43,146 [*] Our new local after update is 841477
2024-04-30 15:54:43,146 [*] Restarting Miner
2024-04-30 15:54:45,146 [*] Bitcoin Miner Restarted
2024-04-30 16:06:57,448 [*] Network has new height 841478 
2024-04-30 16:06:57,448 [*] Our local is 841477
2024-04-30 16:06:57,448 [*] Our new local after update is 841478
2024-04-30 16:06:57,448 [*] Restarting Miner
2024-04-30 16:06:59,448 [*] Bitcoin Miner Restarted
2024-04-30 16:18:35,502 [*] Network has new height 841479 
2024-04-30 16:18:35,503 [*] Our local is 841478
2024-04-30 16:18:35,505 [*] Our new local after update is 841479
2024-04-30 16:18:35,505 [*] Restarting Miner
2024-04-30 16:18:37,505 [*] Bitcoin Miner Restarted
2024-04-30 16:30:09,239 [*] Network has new height 841480 
2024-04-30 16:30:09,240 [*] Our local is 841479
2024-04-30 16:30:09,240 [*] Our new local after update is 841480
2024-04-30 16:30:09,240 [*] Restarting Miner
2024-04-30 16:30:11,240 [*] Bitcoin Miner Restarted
2024-04-30 16:34:55,497 [*] Network has new height 841481 
2024-04-30 16:34:55,497 [*] Our local is 841480
2024-04-30 16:34:55,497 [*] Our new local after update is 841481
2024-04-30 16:34:55,497 [*] Restarting Miner
2024-04-30 16:34:57,498 [*] Bitcoin Miner Restarted
2024-04-30 16:40:28,877 [*] Network has new height 841482 
2024-04-30 16:40:28,877 [*] Our local is 841481
2024-04-30 16:40:28,877 [*] Our new local after update is 841482
2024-04-30 16:40:28,877 [*] Restarting Miner
2024-04-30 16:40:30,877 [*] Bitcoin Miner Restarted
2024-04-30 16:43:54,218 [*] Network has new height 841483 
2024-04-30 16:43:54,220 [*] Our local is 841482
2024-04-30 16:43:54,220 [*] Our new local after update is 841483
2024-04-30 16:43:54,220 [*] Restarting Miner
2024-04-30 16:43:56,220 [*] Bitcoin Miner Restarted
2024-04-30 16:46:02,106 hash: 0000000ce2dcac9e3e0f82d422ce179546ee17f3ca55e337db511edb8f8e0168
2024-04-30 16:47:18,839 [*] Network has new height 841484 
2024-04-30 16:47:18,840 [*] Our local is 841483
2024-04-30 16:47:18,840 [*] Our new local after update is 841484
2024-04-30 16:47:18,840 [*] Restarting Miner
2024-04-30 16:47:20,840 [*] Bitcoin Miner Restarted
2024-04-30 16:48:40,254 [*] Network has new height 841485 
2024-04-30 16:48:40,255 [*] Our local is 841484
2024-04-30 16:48:40,255 [*] Our new local after update is 841485
2024-04-30 16:48:40,255 [*] Restarting Miner
2024-04-30 16:48:42,255 [*] Bitcoin Miner Restarted
2024-04-30 16:58:52,305 [*] Network has new height 841486 
2024-04-30 16:58:52,305 [*] Our local is 841485
2024-04-30 16:58:52,305 [*] Our new local after update is 841486
2024-04-30 16:58:52,305 [*] Restarting Miner
2024-04-30 16:58:54,305 [*] Bitcoin Miner Restarted
2024-04-30 17:00:13,838 [*] Network has new height 841487 
2024-04-30 17:00:13,838 [*] Our local is 841486
2024-04-30 17:00:13,840 [*] Our new local after update is 841487
2024-04-30 17:00:13,840 [*] Restarting Miner
2024-04-30 17:00:15,840 [*] Bitcoin Miner Restarted
2024-04-30 17:26:25,957 hash: 000000045ab29987d6bf693080ae4b2ded65a2460e89cc41545b4704f49653ff
2024-04-30 17:29:30,774 [*] Network has new height 841488 
2024-04-30 17:29:30,774 [*] Our local is 841487
2024-04-30 17:29:30,774 [*] Our new local after update is 841488
2024-04-30 17:29:30,774 [*] Restarting Miner
2024-04-30 17:29:32,774 [*] Bitcoin Miner Restarted
2024-04-30 17:31:32,672 [*] Network has new height 841489 
2024-04-30 17:31:32,672 [*] Our local is 841488
2024-04-30 17:31:32,672 [*] Our new local after update is 841489
2024-04-30 17:31:32,672 [*] Restarting Miner
2024-04-30 17:31:34,673 [*] Bitcoin Miner Restarted
2024-04-30 17:31:36,042 [*] Restarting Miner
2024-04-30 17:31:38,042 [*] Bitcoin Miner Restarted
2024-04-30 17:31:39,244 [*] Restarting Miner
2024-04-30 17:31:41,245 [*] Bitcoin Miner Restarted
2024-04-30 17:50:21,031 hash: 0000000d48469ee814b5b9052ec8c3b0df2777ef85ce9935f648e6c38a30559a
2024-04-30 18:56:12,311 hash: 0000000b56dadd9d3eb9ed7793ad781f65a5f1826220694a10ef50026a760bdc
2024-04-30 19:01:28,930 hash: 0000000b49ab6f5fe0bf48809e4739dbee3844a85feb2ee9c031579980f0d7ca
2024-04-30 19:25:26,866 hash: 0000000d48469ee814b5b9052ec8c3b0df2777ef85ce9935f648e6c38a30559a
2024-04-30 20:17:20,331 hash: 00000001ce72ece34613203a6823d183e79d8554683342470267b9105b0a51ef
2024-04-30 21:30:23,072 [*] Network has new height 841514 
2024-04-30 21:30:23,072 [*] Our local is 0
2024-04-30 21:30:23,072 [*] Our new local after update is 841514
2024-04-30 21:30:23,870 [*] Bitcoin Miner Started
2024-04-30 21:31:23,433 hash: 000000050370d0f8de08a85c9628e8473fca920fed2e6d77fca3f9f33d9f5246
2024-04-30 21:36:41,803 [*] Network has new height 841515 
2024-04-30 21:36:41,803 [*] Our local is 841514
2024-04-30 21:36:41,803 [*] Our new local after update is 841515
2024-04-30 21:36:41,804 [*] Restarting Miner
2024-04-30 21:36:43,809 [*] Bitcoin Miner Restarted
2024-04-30 21:44:46,290 [*] Network has new height 841516 
2024-04-30 21:44:46,290 [*] Our local is 841515
2024-04-30 21:44:46,290 [*] Our new local after update is 841516
2024-04-30 21:44:46,290 [*] Restarting Miner
2024-04-30 21:44:48,295 [*] Bitcoin Miner Restarted
2024-04-30 22:34:36,959 hash: 0000000968a8fd9c7c8ff640aaf5e9dac9c38b9cd6aff65dd2b58bee122650f9
2024-05-06 11:42:35,363 [*] Network has new height 842285 
2024-05-06 11:42:35,364 [*] Our local is 0
2024-05-06 11:42:35,364 [*] Our new local after update is 842285
2024-05-06 11:42:35,815 [*] Bitcoin Miner Started
2024-05-06 11:50:07,514 [*] Network has new height 842286 
2024-05-06 11:50:07,514 [*] Our local is 842285
2024-05-06 11:50:07,514 [*] Our new local after update is 842286
2024-05-06 11:50:07,514 [*] Restarting Miner
2024-05-06 11:50:09,515 [*] Bitcoin Miner Restarted
2024-05-06 11:56:57,878 [*] Network has new height 842288 
2024-05-06 11:56:57,879 [*] Our local is 842286
2024-05-06 11:56:57,879 [*] Our new local after update is 842288
2024-05-06 11:56:57,879 [*] Restarting Miner
2024-05-06 11:56:59,879 [*] Bitcoin Miner Restarted
2024-05-06 12:16:52,511 [*] Network has new height 842289 
2024-05-06 12:16:52,511 [*] Our local is 842288
2024-05-06 12:16:52,517 [*] Our new local after update is 842289
2024-05-06 12:16:52,517 [*] Restarting Miner
2024-05-06 12:16:54,518 [*] Bitcoin Miner Restarted
2024-05-06 12:20:57,733 [*] Network has new height 842290 
2024-05-06 12:20:57,734 [*] Our local is 842289
2024-05-06 12:20:57,735 [*] Our new local after update is 842290
2024-05-06 12:20:57,735 [*] Restarting Miner
2024-05-06 12:20:59,736 [*] Bitcoin Miner Restarted
2024-05-06 12:22:25,000 [*] Network has new height 842291 
2024-05-06 12:22:25,000 [*] Our local is 842290
2024-05-06 12:22:25,000 [*] Our new local after update is 842291
2024-05-06 12:22:25,000 [*] Restarting Miner
2024-05-06 12:22:27,001 [*] Bitcoin Miner Restarted
2024-05-06 12:27:11,832 [*] Network has new height 842292 
2024-05-06 12:27:11,832 [*] Our local is 842291
2024-05-06 12:27:11,833 [*] Our new local after update is 842292
2024-05-06 12:27:11,833 [*] Restarting Miner
2024-05-06 12:27:13,834 [*] Bitcoin Miner Restarted
2024-05-06 12:27:15,350 [*] Restarting Miner
2024-05-06 12:27:17,351 [*] Bitcoin Miner Restarted
2024-05-06 12:27:52,782 [*] Network has new height 842293 
2024-05-06 12:27:52,783 [*] Our local is 842292
2024-05-06 12:27:52,783 [*] Our new local after update is 842293
2024-05-06 12:27:52,783 [*] Restarting Miner
2024-05-06 12:27:54,783 [*] Bitcoin Miner Restarted
2024-05-06 12:31:17,596 [*] Network has new height 842294 
2024-05-06 12:31:17,608 [*] Our local is 842293
2024-05-06 12:31:17,608 [*] Our new local after update is 842294
2024-05-06 12:31:17,608 [*] Restarting Miner
2024-05-06 12:31:19,609 [*] Bitcoin Miner Restarted
2024-05-06 12:33:20,336 [*] Network has new height 842295 
2024-05-06 12:33:20,336 [*] Our local is 842294
2024-05-06 12:33:20,336 [*] Our new local after update is 842295
2024-05-06 12:33:20,336 [*] Restarting Miner
2024-05-06 12:33:22,337 [*] Bitcoin Miner Restarted
2024-05-06 13:08:10,127 [*] Network has new height 842296 
2024-05-06 13:08:10,127 [*] Our local is 842295
2024-05-06 13:08:10,127 [*] Our new local after update is 842296
2024-05-06 13:08:10,127 [*] Restarting Miner
2024-05-06 13:08:12,128 [*] Bitcoin Miner Restarted
2024-05-06 13:15:40,911 [*] Network has new height 842297 
2024-05-06 13:15:40,911 [*] Our local is 842296
2024-05-06 13:15:40,911 [*] Our new local after update is 842297
2024-05-06 13:15:40,911 [*] Restarting Miner
2024-05-06 13:15:42,912 [*] Bitcoin Miner Restarted
2024-05-06 13:18:24,372 [*] Network has new height 842298 
2024-05-06 13:18:24,372 [*] Our local is 842297
2024-05-06 13:18:24,373 [*] Our new local after update is 842298
2024-05-06 13:18:24,373 [*] Restarting Miner
2024-05-06 13:18:26,373 [*] Bitcoin Miner Restarted
2024-05-06 13:39:31,129 [*] Network has new height 842299 
2024-05-06 13:39:31,129 [*] Our local is 842298
2024-05-06 13:39:31,130 [*] Our new local after update is 842299
2024-05-06 13:39:31,130 [*] Restarting Miner
2024-05-06 13:39:33,130 [*] Bitcoin Miner Restarted
2024-05-06 13:51:06,017 [*] Network has new height 842300 
2024-05-06 13:51:06,017 [*] Our local is 842299
2024-05-06 13:51:06,017 [*] Our new local after update is 842300
2024-05-06 13:51:06,017 [*] Restarting Miner
2024-05-06 13:51:08,018 [*] Bitcoin Miner Restarted
2024-05-06 13:58:35,366 [*] Network has new height 842301 
2024-05-06 13:58:35,366 [*] Our local is 842300
2024-05-06 13:58:35,368 [*] Our new local after update is 842301
2024-05-06 13:58:35,368 [*] Restarting Miner
2024-05-06 13:58:37,368 [*] Bitcoin Miner Restarted
2024-05-06 14:04:02,590 [*] Network has new height 842302 
2024-05-06 14:04:02,590 [*] Our local is 842301
2024-05-06 14:04:02,591 [*] Our new local after update is 842302
2024-05-06 14:04:02,591 [*] Restarting Miner
2024-05-06 14:04:04,591 [*] Bitcoin Miner Restarted
2024-05-06 14:06:46,181 [*] Network has new height 842303 
2024-05-06 14:06:46,181 [*] Our local is 842302
2024-05-06 14:06:46,184 [*] Our new local after update is 842303
2024-05-06 14:06:46,184 [*] Restarting Miner
2024-05-06 14:06:48,184 [*] Bitcoin Miner Restarted
2024-05-06 14:06:49,983 [*] Restarting Miner
2024-05-06 14:06:51,983 [*] Bitcoin Miner Restarted
2024-05-06 14:06:53,566 [*] Restarting Miner
2024-05-06 14:06:55,566 [*] Bitcoin Miner Restarted
2024-05-06 14:35:23,311 [*] Network has new height 842304 
2024-05-06 14:35:23,312 [*] Our local is 842303
2024-05-06 14:35:23,312 [*] Our new local after update is 842304
2024-05-06 14:35:23,312 [*] Restarting Miner
2024-05-06 14:35:25,313 [*] Bitcoin Miner Restarted
2024-05-06 14:36:18,134 hash: 00000007df0d427fc944e04c810d9b9086fb33b801050a483934bb6712458863
2024-05-06 14:49:40,293 [*] Network has new height 842305 
2024-05-06 14:49:40,293 [*] Our local is 842304
2024-05-06 14:49:40,295 [*] Our new local after update is 842305
2024-05-06 14:49:40,295 [*] Restarting Miner
2024-05-06 14:49:42,295 [*] Bitcoin Miner Restarted
2024-05-06 14:54:26,353 [*] Network has new height 842306 
2024-05-06 14:54:26,353 [*] Our local is 842305
2024-05-06 14:54:26,353 [*] Our new local after update is 842306
2024-05-06 14:54:26,353 [*] Restarting Miner
2024-05-06 14:54:28,354 [*] Bitcoin Miner Restarted
2024-05-06 14:55:08,970 [*] Network has new height 842307 
2024-05-06 14:55:08,970 [*] Our local is 842306
2024-05-06 14:55:08,971 [*] Our new local after update is 842307
2024-05-06 14:55:08,971 [*] Restarting Miner
2024-05-06 14:55:10,971 [*] Bitcoin Miner Restarted
2024-05-06 15:10:16,133 [*] Network has new height 842308 
2024-05-06 15:10:16,134 [*] Our local is 842307
2024-05-06 15:10:16,135 [*] Our new local after update is 842308
2024-05-06 15:10:16,135 [*] Restarting Miner
2024-05-06 15:10:18,135 [*] Bitcoin Miner Restarted
2024-05-06 15:18:26,654 [*] Network has new height 842309 
2024-05-06 15:18:26,654 [*] Our local is 842308
2024-05-06 15:18:26,654 [*] Our new local after update is 842309
2024-05-06 15:18:26,654 [*] Restarting Miner
2024-05-06 15:18:28,655 [*] Bitcoin Miner Restarted
2024-05-06 15:22:31,196 [*] Network has new height 842310 
2024-05-06 15:22:31,196 [*] Our local is 842309
2024-05-06 15:22:31,196 [*] Our new local after update is 842310
2024-05-06 15:22:31,196 [*] Restarting Miner
2024-05-06 15:22:33,196 [*] Bitcoin Miner Restarted
2024-05-06 15:25:15,249 [*] Network has new height 842311 
2024-05-06 15:25:15,249 [*] Our local is 842310
2024-05-06 15:25:15,249 [*] Our new local after update is 842311
2024-05-06 15:25:15,249 [*] Restarting Miner
2024-05-06 15:25:17,250 [*] Bitcoin Miner Restarted
2024-05-06 15:25:56,324 [*] Network has new height 842312 
2024-05-06 15:25:56,325 [*] Our local is 842311
2024-05-06 15:25:56,325 [*] Our new local after update is 842312
2024-05-06 15:25:56,325 [*] Restarting Miner
2024-05-06 15:25:58,325 [*] Bitcoin Miner Restarted
2024-05-06 15:41:34,816 [*] Network has new height 842313 
2024-05-06 15:41:34,817 [*] Our local is 842312
2024-05-06 15:41:34,817 [*] Our new local after update is 842313
2024-05-06 15:41:34,818 [*] Restarting Miner
2024-05-06 15:41:36,823 [*] Bitcoin Miner Restarted
2024-05-06 15:45:39,704 [*] Network has new height 842314 
2024-05-06 15:45:39,705 [*] Our local is 842313
2024-05-06 15:45:39,705 [*] Our new local after update is 842314
2024-05-06 15:45:39,705 [*] Restarting Miner
2024-05-06 15:45:41,706 [*] Bitcoin Miner Restarted
2024-05-06 15:48:00,975 hash: 0000000e05eaa633bd38e8aa4b11ece998e2ffea97c010398d0aaed4a67efb3e
2024-05-06 15:51:48,332 hash: 000000069b93873bd1852c2543d66781584464a5125a2d311643b1536496eebc
2024-05-06 15:52:27,774 [*] Network has new height 842315 
2024-05-06 15:52:27,774 [*] Our local is 842314
2024-05-06 15:52:27,779 [*] Our new local after update is 842315
2024-05-06 15:52:27,779 [*] Restarting Miner
2024-05-06 15:52:29,779 [*] Bitcoin Miner Restarted
2024-05-06 16:28:33,470 [*] Network has new height 842316 
2024-05-06 16:28:33,473 [*] Our local is 842315
2024-05-06 16:28:33,473 [*] Our new local after update is 842316
2024-05-06 16:28:33,473 [*] Restarting Miner
2024-05-06 16:28:35,489 [*] Bitcoin Miner Restarted
2024-05-06 16:40:37,846 hash: 0000000abe4e63ae5a5664685b62c7857d4685f7ae043107238de9b7b271d1b8
2024-05-06 16:47:36,206 [*] Network has new height 842317 
2024-05-06 16:47:36,207 [*] Our local is 842316
2024-05-06 16:47:36,207 [*] Our new local after update is 842317
2024-05-06 16:47:36,207 [*] Restarting Miner
2024-05-06 16:47:38,208 [*] Bitcoin Miner Restarted
2024-05-06 17:20:13,588 [*] Network has new height 842318 
2024-05-06 17:20:13,590 [*] Our local is 842317
2024-05-06 17:20:13,590 [*] Our new local after update is 842318
2024-05-06 17:20:13,590 [*] Restarting Miner
2024-05-06 17:20:15,590 [*] Bitcoin Miner Restarted
2024-05-06 17:20:54,526 [*] Network has new height 842319 
2024-05-06 17:20:54,526 [*] Our local is 842318
2024-05-06 17:20:54,526 [*] Our new local after update is 842319
2024-05-06 17:20:54,526 [*] Restarting Miner
2024-05-06 17:20:56,527 [*] Bitcoin Miner Restarted
2024-05-06 17:29:37,179 hash: 0000000adfc74991459cc114aa27edc0aab8e6ced08a68b233cd693f8581f8be
2024-05-06 17:59:02,270 hash: 000000028ea64d547c4b79678b63a63987adb8d447db6551bbf3836494ed17f1
2024-05-06 18:01:09,741 hash: 000000061242eaaf6524e76b62fa723f3c889482a585022dadb04c01ec2427c5
2024-05-06 21:04:35,744 hash: 000000024ae4275e87790ff6277ba60adda0efa0a4ddd4e92d4a566379c339f9
2024-05-06 23:23:00,409 hash: 0000000d069db3236a4f7d29f586c950d69cc62b664ca1cea29b8d3016df05c4
2024-05-07 03:43:52,421 hash: 0000000cd6981fb9303a3941412f4b77143d15fcab040973198aa4a712bcfbf9
2024-05-07 05:54:01,609 hash: 000000061242eaaf6524e76b62fa723f3c889482a585022dadb04c01ec2427c5
2024-05-07 07:26:14,639 hash: 00000006ac46181607fb12c9c695da01f7da5680a0e84ddb3d04205dfc2663c1
2024-05-07 09:55:08,808 hash: 0000000ee4a88bdf92d9f1037b2897cda06230238c1047a131f3d414610fe9be
2024-05-07 11:36:10,204 hash: 0000000d814aabb1b79cf6f14af609557c846dd01a425b340f17f357dfbb8d99
2024-05-07 14:01:25,204 hash: 000000004e1c3275e67c327a52e9bcb926c7b62a0b847665b2245a864d6de398
2024-05-07 15:09:22,413 hash: 0000000fa4a00d24584bc276bea0a72f51fb71ec287a9c6317ae6e98ec6d2c34
2024-05-07 16:05:12,914 hash: 0000000ee4a88bdf92d9f1037b2897cda06230238c1047a131f3d414610fe9be
2024-05-07 18:20:48,313 hash: 00000006ac46181607fb12c9c695da01f7da5680a0e84ddb3d04205dfc2663c1
2024-05-07 18:25:14,945 hash: 0000000262f6969285c34acbb62b5891785ab6c6d7368c43b0e360eadb4c4a4a
2024-05-07 19:52:28,839 hash: 000000004e1c3275e67c327a52e9bcb926c7b62a0b847665b2245a864d6de398
2024-05-07 21:01:18,975 hash: 00000006ac46181607fb12c9c695da01f7da5680a0e84ddb3d04205dfc2663c1
2024-05-07 21:17:20,523 hash: 0000000063adb79a5e95d83190a2af4957647aa7cd132bf8b9ee359a4808df97
2024-05-08 01:30:49,517 hash: 000000028ea64d547c4b79678b63a63987adb8d447db6551bbf3836494ed17f1
2024-05-08 01:32:24,333 hash: 000000004e1c3275e67c327a52e9bcb926c7b62a0b847665b2245a864d6de398
2024-05-08 02:32:39,756 hash: 0000000cda1e6284ec1a110d5d5a237231c0538da21a9427a44a5030fdfb7e3c
2024-05-08 04:10:20,655 hash: 0000000d069db3236a4f7d29f586c950d69cc62b664ca1cea29b8d3016df05c4
2024-05-08 04:29:37,338 hash: 000000004e1c3275e67c327a52e9bcb926c7b62a0b847665b2245a864d6de398
2024-05-08 05:08:52,373 hash: 0000000d069db3236a4f7d29f586c950d69cc62b664ca1cea29b8d3016df05c4
2024-05-08 07:38:29,901 hash: 000000028ea64d547c4b79678b63a63987adb8d447db6551bbf3836494ed17f1
2024-05-08 08:11:35,332 hash: 0000000063adb79a5e95d83190a2af4957647aa7cd132bf8b9ee359a4808df97
2024-05-08 09:18:29,389 hash: 000000024ae4275e87790ff6277ba60adda0efa0a4ddd4e92d4a566379c339f9
2024-05-08 10:12:47,792 hash: 000000061242eaaf6524e76b62fa723f3c889482a585022dadb04c01ec2427c5
2024-05-08 12:21:12,324 hash: 0000000d6cb337a4729c01611e25ce81c738354b715c6355cac518e53016d639
2024-05-08 12:53:35,271 hash: 000000028ea64d547c4b79678b63a63987adb8d447db6551bbf3836494ed17f1
2024-05-08 13:22:20,942 hash: 000000022398917e1ba8193b9f113b59563c264a0d612e505ec12830839fee40
2024-05-08 15:41:38,361 hash: 000000001f97672bd56dfdb388d1ed58737f20d0f5ed4e62dd0ba18aa727f70f
2024-05-08 18:38:35,271 hash: 0000000d6cb337a4729c01611e25ce81c738354b715c6355cac518e53016d639
2024-05-08 18:40:48,127 hash: 000000004e1c3275e67c327a52e9bcb926c7b62a0b847665b2245a864d6de398
2024-05-08 20:45:30,351 hash: 000000061242eaaf6524e76b62fa723f3c889482a585022dadb04c01ec2427c5
2024-05-08 21:14:26,150 hash: 000000024ae4275e87790ff6277ba60adda0efa0a4ddd4e92d4a566379c339f9
2024-05-09 01:09:45,343 hash: 000000028ea64d547c4b79678b63a63987adb8d447db6551bbf3836494ed17f1
2024-05-09 02:47:14,605 hash: 000000061242eaaf6524e76b62fa723f3c889482a585022dadb04c01ec2427c5
2024-05-09 04:01:42,831 hash: 000000024ae4275e87790ff6277ba60adda0efa0a4ddd4e92d4a566379c339f9
2024-05-09 04:46:58,708 hash: 00000006ac46181607fb12c9c695da01f7da5680a0e84ddb3d04205dfc2663c1
2024-05-09 05:40:58,728 hash: 000000022398917e1ba8193b9f113b59563c264a0d612e505ec12830839fee40
2024-05-09 08:57:30,645 hash: 00000006ac46181607fb12c9c695da01f7da5680a0e84ddb3d04205dfc2663c1
2024-05-09 13:07:33,972 hash: 000000061242eaaf6524e76b62fa723f3c889482a585022dadb04c01ec2427c5
2024-05-09 13:40:10,506 hash: 0000000adfc74991459cc114aa27edc0aab8e6ced08a68b233cd693f8581f8be
2024-05-09 19:03:25,980 hash: 000000022398917e1ba8193b9f113b59563c264a0d612e505ec12830839fee40
2024-05-09 20:29:45,172 hash: 0000000063adb79a5e95d83190a2af4957647aa7cd132bf8b9ee359a4808df97
2024-05-10 00:16:28,741 hash: 0000000adfc74991459cc114aa27edc0aab8e6ced08a68b233cd693f8581f8be
2024-05-10 00:49:49,028 hash: 0000000fa4a00d24584bc276bea0a72f51fb71ec287a9c6317ae6e98ec6d2c34
2024-05-10 03:22:15,947 hash: 000000061242eaaf6524e76b62fa723f3c889482a585022dadb04c01ec2427c5
2024-05-10 03:45:34,169 hash: 0000000ee4a88bdf92d9f1037b2897cda06230238c1047a131f3d414610fe9be
2024-05-10 04:28:37,874 hash: 0000000d6cb337a4729c01611e25ce81c738354b715c6355cac518e53016d639
2024-05-10 04:30:53,446 hash: 00000006ac46181607fb12c9c695da01f7da5680a0e84ddb3d04205dfc2663c1
2024-05-10 04:37:11,132 hash: 0000000ee4a88bdf92d9f1037b2897cda06230238c1047a131f3d414610fe9be
2024-05-10 06:23:39,749 hash: 000000028ea64d547c4b79678b63a63987adb8d447db6551bbf3836494ed17f1
2024-05-10 08:41:58,947 hash: 0000000cd6981fb9303a3941412f4b77143d15fcab040973198aa4a712bcfbf9
2024-05-10 08:48:08,130 hash: 0000000d814aabb1b79cf6f14af609557c846dd01a425b340f17f357dfbb8d99
2024-05-10 10:03:57,405 hash: 000000024ae4275e87790ff6277ba60adda0efa0a4ddd4e92d4a566379c339f9
2024-05-10 11:48:52,835 hash: 0000000262f6969285c34acbb62b5891785ab6c6d7368c43b0e360eadb4c4a4a
2024-05-10 11:57:40,942 hash: 0000000d6cb337a4729c01611e25ce81c738354b715c6355cac518e53016d639
2024-05-10 13:01:36,669 hash: 0000000d069db3236a4f7d29f586c950d69cc62b664ca1cea29b8d3016df05c4
2024-05-10 14:06:56,939 hash: 000000061242eaaf6524e76b62fa723f3c889482a585022dadb04c01ec2427c5
2024-05-10 14:34:59,046 hash: 000000022398917e1ba8193b9f113b59563c264a0d612e505ec12830839fee40
2024-05-10 14:46:56,853 hash: 000000022398917e1ba8193b9f113b59563c264a0d612e505ec12830839fee40
2024-05-10 15:10:02,334 [*] Bitcoin Miner Started
2024-05-10 15:10:07,773 [*] Network has new height 842816 
2024-05-10 15:10:07,773 [*] Our local is 0
2024-05-10 15:10:07,773 [*] Our new local after update is 842816
2024-05-10 15:10:51,970 [*] Bitcoin Miner Started
2024-05-10 15:10:55,624 [*] Network has new height 842816 
2024-05-10 15:10:55,625 [*] Our local is 0
2024-05-10 15:10:55,626 [*] Our new local after update is 842816
